<?xml version="1.0" encoding="UTF-8"?>
<!-- Generated by org.testng.reporters.JUnitReportReporter -->
<testsuite hostname="DELL-PC" name="scripts.AlertFirstAssignment" tests="1" failures="0" timestamp="14 Mar 2019 14:58:02 GMT" time="19.447" errors="0">
  <testcase name="AlertFirst" time="19.447" classname="scripts.AlertFirstAssignment"/>
</testsuite> <!-- scripts.AlertFirstAssignment -->
