<?xml version="1.0" encoding="UTF-8"?>
<!-- Generated by org.testng.reporters.JUnitReportReporter -->
<testsuite hostname="DELL-PC" name="scripts.testng.TestNGConfig1" tests="3" failures="0" timestamp="16 Mar 2019 07:46:33 GMT" time="0.016" errors="0">
  <testcase name="test3" time="0.003" classname="scripts.testng.TestNGConfig1"/>
  <testcase name="test2" time="0.003" classname="scripts.testng.TestNGConfig1"/>
  <testcase name="test1" time="0.010" classname="scripts.testng.TestNGConfig1"/>
</testsuite> <!-- scripts.testng.TestNGConfig1 -->
