<?xml version="1.0" encoding="UTF-8"?>
<!-- Generated by org.testng.reporters.JUnitReportReporter -->
<testsuite hostname="DELL-PC" name="scripts.MyFirstTestNGTest" tests="1" failures="0" timestamp="24 Mar 2019 08:30:18 GMT" time="13.637" errors="0">
  <testcase name="seleniumExampleLogin" time="13.637" classname="scripts.MyFirstTestNGTest"/>
</testsuite> <!-- scripts.MyFirstTestNGTest -->
