<?xml version="1.0" encoding="UTF-8"?>
<!-- Generated by org.testng.reporters.JUnitReportReporter -->
<testsuite hostname="DELL-PC" name="scripts.Triphobo" tests="1" failures="0" timestamp="1 Apr 2019 20:40:14 GMT" time="19.559" errors="0">
  <testcase name="tripplan" time="19.559" classname="scripts.Triphobo"/>
</testsuite> <!-- scripts.Triphobo -->
