<?xml version="1.0" encoding="UTF-8"?>
<!-- Generated by org.testng.reporters.JUnitReportReporter -->
<testsuite hostname="DELL-PC" name="scripts.NinthAssignment" tests="1" failures="0" timestamp="8 Mar 2019 18:37:23 GMT" time="16.301" errors="0">
  <testcase name="OptionSelection" time="16.301" classname="scripts.NinthAssignment"/>
</testsuite> <!-- scripts.NinthAssignment -->
