<?xml version="1.0" encoding="UTF-8"?>
<!-- Generated by org.testng.reporters.JUnitReportReporter -->
<testsuite hostname="DELL-PC" name="scripts.SecondAssignment" tests="1" failures="0" timestamp="5 Mar 2019 19:36:28 GMT" time="19.582" errors="0">
  <testcase name="webElementMethods" time="19.582" classname="scripts.SecondAssignment"/>
</testsuite> <!-- scripts.SecondAssignment -->
