<?xml version="1.0" encoding="UTF-8"?>
<!-- Generated by org.testng.reporters.JUnitReportReporter -->
<testsuite hostname="DELL-PC" name="scripts.FirstAssignment" tests="1" failures="0" timestamp="4 Mar 2019 18:20:31 GMT" time="52.585" errors="0">
  <testcase name="navigateMethods" time="52.585" classname="scripts.FirstAssignment"/>
</testsuite> <!-- scripts.FirstAssignment -->
