<?xml version="1.0" encoding="UTF-8"?>
<!-- Generated by org.testng.reporters.JUnitReportReporter -->
<testsuite hostname="DELL-PC" name="scripts.AllGoogleLinks" tests="1" failures="0" timestamp="4 Mar 2019 14:53:10 GMT" time="11.607" errors="0">
  <testcase name="printAllGoogleLinks" time="11.607" classname="scripts.AllGoogleLinks"/>
</testsuite> <!-- scripts.AllGoogleLinks -->
