<?xml version="1.0" encoding="UTF-8"?>
<!-- Generated by org.testng.reporters.JUnitReportReporter -->
<testsuite hostname="DELL-PC" name="scripts.NicheLoginTest" tests="1" failures="0" timestamp="16 Mar 2019 20:04:26 GMT" time="10.356" errors="0">
  <testcase name="nicheLoginTest" time="10.356" classname="scripts.NicheLoginTest"/>
</testsuite> <!-- scripts.NicheLoginTest -->
