<?xml version="1.0" encoding="UTF-8"?>
<!-- Generated by org.testng.reporters.JUnitReportReporter -->
<testsuite hostname="DELL-PC" name="scripts.WikipediaAssignment" tests="1" failures="0" timestamp="8 Mar 2019 19:48:16 GMT" time="14.663" errors="0">
  <testcase name="wikipediaenglish" time="14.663" classname="scripts.WikipediaAssignment"/>
</testsuite> <!-- scripts.WikipediaAssignment -->
